<?xml version="1.0" encoding="UTF-8"?>
<!-- Generated by org.testng.reporters.JUnitReportReporter -->
<testsuite hostname="Suchismita" failures="0" tests="1" name="com.simpletests.Tc02CreateData" time="1.699" errors="0" timestamp="2023-03-13T16:17:17 MST" skipped="0">
  <testcase classname="com.simpletests.Tc02CreateData" name="postData" time="1.699"/>
  <system-out/>
</testsuite> <!-- com.simpletests.Tc02CreateData -->
