<?xml version="1.0" encoding="UTF-8"?>
<!-- Generated by org.testng.reporters.JUnitReportReporter -->
<testsuite hostname="Suchismita" failures="0" tests="1" name="com.simpletests.Tct01GetData" time="1.728" errors="0" timestamp="2023-03-13T20:06:28 MST" skipped="0">
  <testcase classname="com.simpletests.Tct01GetData" name="getEmployeeData" time="1.728"/>
  <system-out/>
</testsuite> <!-- com.simpletests.Tct01GetData -->
