<?xml version="1.0" encoding="UTF-8"?>
<!-- Generated by org.testng.reporters.JUnitReportReporter -->
<testsuite hostname="Suchismita" failures="0" tests="1" name="com.simpletests.GetDataTest" time="1.551" errors="0" timestamp="2023-03-13T12:46:16 MST" skipped="0">
  <testcase classname="com.simpletests.GetDataTest" name="getEmployeeData" time="1.551"/>
  <system-out/>
</testsuite> <!-- com.simpletests.GetDataTest -->
