<?xml version="1.0" encoding="UTF-8"?>
<!-- Generated by org.testng.reporters.JUnitReportReporter -->
<testsuite hostname="Suchismita" failures="0" tests="1" name="com.simpletests.Tc03DeleteData" time="1.591" errors="0" timestamp="2023-03-13T16:21:43 MST" skipped="0">
  <testcase classname="com.simpletests.Tc03DeleteData" name="DeleteData" time="1.591"/>
  <system-out/>
</testsuite> <!-- com.simpletests.Tc03DeleteData -->
